0    [Test worker] DEBUG org.jboss.logging  - Logging Provider: org.jboss.logging.Log4jLoggerProvider
2007 [Test worker] INFO  java.sql.DatabaseMetaData  - HHH000262: Table not found: GradoMateria
2019 [Test worker] INFO  java.sql.DatabaseMetaData  - HHH000262: Table not found: Materia
2058 [Test worker] INFO  java.sql.DatabaseMetaData  - HHH000262: Table not found: Plan
2074 [Test worker] INFO  java.sql.DatabaseMetaData  - HHH000262: Table not found: GradoMateria
2075 [Test worker] INFO  java.sql.DatabaseMetaData  - HHH000262: Table not found: Materia
2076 [Test worker] INFO  java.sql.DatabaseMetaData  - HHH000262: Table not found: Plan
2076 [Test worker] INFO  java.sql.DatabaseMetaData  - HHH000262: Table not found: GradoMateria
2077 [Test worker] INFO  java.sql.DatabaseMetaData  - HHH000262: Table not found: Materia
2078 [Test worker] INFO  java.sql.DatabaseMetaData  - HHH000262: Table not found: Plan
0    [Test worker] DEBUG org.jboss.logging  - Logging Provider: org.jboss.logging.Log4jLoggerProvider
1828 [Test worker] INFO  java.sql.DatabaseMetaData  - HHH000262: Table not found: GradoMateria
1838 [Test worker] INFO  java.sql.DatabaseMetaData  - HHH000262: Table not found: Materia
1876 [Test worker] INFO  java.sql.DatabaseMetaData  - HHH000262: Table not found: Plan
1878 [Test worker] INFO  java.sql.DatabaseMetaData  - HHH000262: Table not found: PlanDetalle
1896 [Test worker] INFO  java.sql.DatabaseMetaData  - HHH000262: Table not found: GradoMateria
1896 [Test worker] INFO  java.sql.DatabaseMetaData  - HHH000262: Table not found: Materia
1897 [Test worker] INFO  java.sql.DatabaseMetaData  - HHH000262: Table not found: Plan
1898 [Test worker] INFO  java.sql.DatabaseMetaData  - HHH000262: Table not found: PlanDetalle
1899 [Test worker] INFO  java.sql.DatabaseMetaData  - HHH000262: Table not found: GradoMateria
1899 [Test worker] INFO  java.sql.DatabaseMetaData  - HHH000262: Table not found: Materia
1900 [Test worker] INFO  java.sql.DatabaseMetaData  - HHH000262: Table not found: Plan
1902 [Test worker] INFO  java.sql.DatabaseMetaData  - HHH000262: Table not found: PlanDetalle
0    [Test worker] DEBUG org.jboss.logging  - Logging Provider: org.jboss.logging.Log4jLoggerProvider
